<?xml version="1.0" encoding="UTF-8"?>
<!-- Generated by org.testng.reporters.JUnitReportReporter -->
<testsuite hostname="LAPTOP-L25OGKCD" failures="0" tests="1" name="com.flipkart.qa.testcases.ExcelDataFeedTest" time="5.698" errors="0" timestamp="2022-03-21T10:41:44 IST" skipped="0">
  <testcase classname="com.flipkart.qa.testcases.ExcelDataFeedTest" name="loginTest" time="5.698"/>
  <system-out/>
</testsuite> <!-- com.flipkart.qa.testcases.ExcelDataFeedTest -->
