<?xml version="1.0" encoding="UTF-8"?>
<!-- Generated by org.testng.reporters.JUnitReportReporter -->
<testsuite hostname="LAPTOP-L25OGKCD" failures="0" tests="1" name="com.flipkart.qa.testcases.LoginPageTest" time="7.492" errors="0" timestamp="2022-04-03T12:16:23 IST" skipped="0">
  <testcase classname="com.flipkart.qa.testcases.LoginPageTest" name="loginTest" time="7.492"/>
  <system-out/>
</testsuite> <!-- com.flipkart.qa.testcases.LoginPageTest -->
