<?xml version="1.0" encoding="UTF-8"?>
<!-- Generated by org.testng.reporters.JUnitReportReporter -->
<testsuite hostname="LAPTOP-L25OGKCD" failures="0" tests="2" name="com.flipkart.qa.testcases.HomePageTest" time="15.108" errors="0" timestamp="2022-04-03T12:16:23 IST" skipped="0">
  <testcase classname="com.flipkart.qa.testcases.HomePageTest" name="validateHomePageTitleTest" time="6.934"/>
  <system-out/>
  <testcase classname="com.flipkart.qa.testcases.HomePageTest" name="cartsPageLanding" time="8.174"/>
  <system-out/>
</testsuite> <!-- com.flipkart.qa.testcases.HomePageTest -->
